2025-08-01 12:52:15,619 - INFO - starting mirror to /Users/seanlyons/Downloads/census_data/census_data_download
2025-08-01 12:52:15,619 - INFO - crawling (depth 0): https://web.archive.org/web/20250305014851/http://hccda.ada.edu.au/
2025-08-01 12:52:16,101 - INFO - processing directory: /Users/seanlyons/Downloads/census_data/census_data_download
2025-08-01 12:52:16,101 - INFO - found 0 files and 4 directories in /
2025-08-01 12:52:16,119 - INFO - entering subdirectory: https://web.archive.org/web/20250305014851/http:/hccda.ada.edu.au/Collated_Census_Tables/
2025-08-01 12:52:16,119 - INFO - crawling (depth 1): https://web.archive.org/web/20250305014851/http:/hccda.ada.edu.au/Collated_Census_Tables/
2025-08-01 12:52:17,228 - INFO - processing directory: /Users/seanlyons/Downloads/census_data/census_data_download/web/20250305014851/http:/hccda.ada.edu.au/Collated_Census_Tables
2025-08-01 12:52:17,228 - INFO - found 130 files and 2 directories in /web/20250305014851/http:/hccda.ada.edu.au/Collated_Census_Tables/
2025-08-01 12:52:17,228 - INFO - downloading file: https://web.archive.org/web/20250305014851/http:/hccda.ada.edu.au/Collated_Census_Tables/NSW-1833-census.html
2025-08-01 12:52:18,700 - INFO - successfully downloaded: /Users/seanlyons/Downloads/census_data/census_data_download/web/20250305014851/http:/hccda.ada.edu.au/Collated_Census_Tables/NSW-1833-census.html
2025-08-01 12:52:18,701 - INFO - downloading file: https://web.archive.org/web/20250305014851/http:/hccda.ada.edu.au/Collated_Census_Tables/NSW-1836-census.html
2025-08-01 12:52:19,445 - INFO - successfully downloaded: /Users/seanlyons/Downloads/census_data/census_data_download/web/20250305014851/http:/hccda.ada.edu.au/Collated_Census_Tables/NSW-1836-census.html
2025-08-01 12:52:19,448 - INFO - downloading file: https://web.archive.org/web/20250305014851/http:/hccda.ada.edu.au/Collated_Census_Tables/NSW-1841-census.html
2025-08-01 12:52:21,082 - INFO - successfully downloaded: /Users/seanlyons/Downloads/census_data/census_data_download/web/20250305014851/http:/hccda.ada.edu.au/Collated_Census_Tables/NSW-1841-census.html
2025-08-01 12:52:21,083 - INFO - downloading file: https://web.archive.org/web/20250305014851/http:/hccda.ada.edu.au/Collated_Census_Tables/NSW-1846-census.html
2025-08-01 12:52:23,181 - INFO - successfully downloaded: /Users/seanlyons/Downloads/census_data/census_data_download/web/20250305014851/http:/hccda.ada.edu.au/Collated_Census_Tables/NSW-1846-census.html
2025-08-01 12:52:23,182 - INFO - downloading file: https://web.archive.org/web/20250305014851/http:/hccda.ada.edu.au/Collated_Census_Tables/NSW-1851-census.html
2025-08-01 12:52:24,925 - INFO - successfully downloaded: /Users/seanlyons/Downloads/census_data/census_data_download/web/20250305014851/http:/hccda.ada.edu.au/Collated_Census_Tables/NSW-1851-census.html
2025-08-01 12:52:24,926 - INFO - downloading file: https://web.archive.org/web/20250305014851/http:/hccda.ada.edu.au/Collated_Census_Tables/NSW-1856-census.html
2025-08-01 12:52:27,781 - INFO - successfully downloaded: /Users/seanlyons/Downloads/census_data/census_data_download/web/20250305014851/http:/hccda.ada.edu.au/Collated_Census_Tables/NSW-1856-census.html
2025-08-01 12:52:27,782 - INFO - downloading file: https://web.archive.org/web/20250305014851/http:/hccda.ada.edu.au/Collated_Census_Tables/NSW-1861-census.html
2025-08-01 12:52:40,089 - INFO - successfully downloaded: /Users/seanlyons/Downloads/census_data/census_data_download/web/20250305014851/http:/hccda.ada.edu.au/Collated_Census_Tables/NSW-1861-census.html
2025-08-01 12:52:40,090 - INFO - downloading file: https://web.archive.org/web/20250305014851/http:/hccda.ada.edu.au/Collated_Census_Tables/NSW-1871-census.html
2025-08-01 12:53:03,324 - INFO - successfully downloaded: /Users/seanlyons/Downloads/census_data/census_data_download/web/20250305014851/http:/hccda.ada.edu.au/Collated_Census_Tables/NSW-1871-census.html
2025-08-01 12:53:03,327 - INFO - downloading file: https://web.archive.org/web/20250305014851/http:/hccda.ada.edu.au/Collated_Census_Tables/NSW-1881-census.html
2025-08-01 12:53:06,210 - INFO - successfully downloaded: /Users/seanlyons/Downloads/census_data/census_data_download/web/20250305014851/http:/hccda.ada.edu.au/Collated_Census_Tables/NSW-1881-census.html
2025-08-01 12:53:06,212 - INFO - downloading file: https://web.archive.org/web/20250305014851/http:/hccda.ada.edu.au/Collated_Census_Tables/NSW-1891-census.html
2025-08-01 12:53:21,468 - INFO - successfully downloaded: /Users/seanlyons/Downloads/census_data/census_data_download/web/20250305014851/http:/hccda.ada.edu.au/Collated_Census_Tables/NSW-1891-census.html
2025-08-01 12:53:21,470 - INFO - downloading file: https://web.archive.org/web/20250305014851/http:/hccda.ada.edu.au/Collated_Census_Tables/NSW-1901-census.html
2025-08-01 12:53:38,774 - INFO - successfully downloaded: /Users/seanlyons/Downloads/census_data/census_data_download/web/20250305014851/http:/hccda.ada.edu.au/Collated_Census_Tables/NSW-1901-census.html
2025-08-01 12:53:38,776 - INFO - downloading file: https://web.archive.org/web/20250305014851/http:/hccda.ada.edu.au/Collated_Census_Tables/QLD-1861-census.html
2025-08-01 12:53:40,455 - INFO - successfully downloaded: /Users/seanlyons/Downloads/census_data/census_data_download/web/20250305014851/http:/hccda.ada.edu.au/Collated_Census_Tables/QLD-1861-census.html
2025-08-01 12:53:40,457 - INFO - downloading file: https://web.archive.org/web/20250305014851/http:/hccda.ada.edu.au/Collated_Census_Tables/QLD-1864-census.html
2025-08-01 12:53:45,888 - INFO - successfully downloaded: /Users/seanlyons/Downloads/census_data/census_data_download/web/20250305014851/http:/hccda.ada.edu.au/Collated_Census_Tables/QLD-1864-census.html
2025-08-01 12:53:45,889 - INFO - downloading file: https://web.archive.org/web/20250305014851/http:/hccda.ada.edu.au/Collated_Census_Tables/QLD-1868-census.html
2025-08-01 12:53:48,486 - INFO - successfully downloaded: /Users/seanlyons/Downloads/census_data/census_data_download/web/20250305014851/http:/hccda.ada.edu.au/Collated_Census_Tables/QLD-1868-census.html
2025-08-01 12:53:48,487 - INFO - downloading file: https://web.archive.org/web/20250305014851/http:/hccda.ada.edu.au/Collated_Census_Tables/QLD-1871-census_01.html
2025-08-01 12:53:52,354 - INFO - successfully downloaded: /Users/seanlyons/Downloads/census_data/census_data_download/web/20250305014851/http:/hccda.ada.edu.au/Collated_Census_Tables/QLD-1871-census_01.html
2025-08-01 12:53:52,355 - INFO - downloading file: https://web.archive.org/web/20250305014851/http:/hccda.ada.edu.au/Collated_Census_Tables/QLD-1871-census_02.html
2025-08-01 12:53:53,469 - INFO - successfully downloaded: /Users/seanlyons/Downloads/census_data/census_data_download/web/20250305014851/http:/hccda.ada.edu.au/Collated_Census_Tables/QLD-1871-census_02.html
2025-08-01 12:53:53,470 - INFO - downloading file: https://web.archive.org/web/20250305014851/http:/hccda.ada.edu.au/Collated_Census_Tables/QLD-1876-census_01.html
2025-08-01 12:53:54,685 - INFO - successfully downloaded: /Users/seanlyons/Downloads/census_data/census_data_download/web/20250305014851/http:/hccda.ada.edu.au/Collated_Census_Tables/QLD-1876-census_01.html
2025-08-01 12:53:54,685 - INFO - downloading file: https://web.archive.org/web/20250305014851/http:/hccda.ada.edu.au/Collated_Census_Tables/QLD-1876-census_02.html
2025-08-01 12:53:57,798 - INFO - successfully downloaded: /Users/seanlyons/Downloads/census_data/census_data_download/web/20250305014851/http:/hccda.ada.edu.au/Collated_Census_Tables/QLD-1876-census_02.html
2025-08-01 12:53:57,799 - INFO - downloading file: https://web.archive.org/web/20250305014851/http:/hccda.ada.edu.au/Collated_Census_Tables/QLD-1876-census_03.html
2025-08-01 12:53:58,624 - INFO - successfully downloaded: /Users/seanlyons/Downloads/census_data/census_data_download/web/20250305014851/http:/hccda.ada.edu.au/Collated_Census_Tables/QLD-1876-census_03.html
2025-08-01 12:53:58,625 - INFO - downloading file: https://web.archive.org/web/20250305014851/http:/hccda.ada.edu.au/Collated_Census_Tables/QLD-1881-census_01.html
2025-08-01 12:54:04,965 - INFO - successfully downloaded: /Users/seanlyons/Downloads/census_data/census_data_download/web/20250305014851/http:/hccda.ada.edu.au/Collated_Census_Tables/QLD-1881-census_01.html
2025-08-01 12:54:04,968 - INFO - downloading file: https://web.archive.org/web/20250305014851/http:/hccda.ada.edu.au/Collated_Census_Tables/QLD-1881-census_02.html
2025-08-01 12:54:06,307 - INFO - successfully downloaded: /Users/seanlyons/Downloads/census_data/census_data_download/web/20250305014851/http:/hccda.ada.edu.au/Collated_Census_Tables/QLD-1881-census_02.html
2025-08-01 12:54:06,308 - INFO - downloading file: https://web.archive.org/web/20250305014851/http:/hccda.ada.edu.au/Collated_Census_Tables/QLD-1886-census_01.html
2025-08-01 12:54:16,896 - INFO - successfully downloaded: /Users/seanlyons/Downloads/census_data/census_data_download/web/20250305014851/http:/hccda.ada.edu.au/Collated_Census_Tables/QLD-1886-census_01.html
2025-08-01 12:54:16,897 - INFO - downloading file: https://web.archive.org/web/20250305014851/http:/hccda.ada.edu.au/Collated_Census_Tables/QLD-1886-census_02.html
2025-08-01 12:54:18,410 - INFO - successfully downloaded: /Users/seanlyons/Downloads/census_data/census_data_download/web/20250305014851/http:/hccda.ada.edu.au/Collated_Census_Tables/QLD-1886-census_02.html
2025-08-01 12:54:18,411 - INFO - downloading file: https://web.archive.org/web/20250305014851/http:/hccda.ada.edu.au/Collated_Census_Tables/QLD-1891-census.html
2025-08-01 12:54:35,300 - INFO - successfully downloaded: /Users/seanlyons/Downloads/census_data/census_data_download/web/20250305014851/http:/hccda.ada.edu.au/Collated_Census_Tables/QLD-1891-census.html
2025-08-01 12:54:35,301 - INFO - downloading file: https://web.archive.org/web/20250305014851/http:/hccda.ada.edu.au/Collated_Census_Tables/QLD-1901-census.html
2025-08-01 12:54:49,377 - INFO - successfully downloaded: /Users/seanlyons/Downloads/census_data/census_data_download/web/20250305014851/http:/hccda.ada.edu.au/Collated_Census_Tables/QLD-1901-census.html
2025-08-01 12:54:49,378 - INFO - downloading file: https://web.archive.org/web/20250305014851/http:/hccda.ada.edu.au/Collated_Census_Tables/SA-1844-census.html
2025-08-01 12:54:50,131 - INFO - successfully downloaded: /Users/seanlyons/Downloads/census_data/census_data_download/web/20250305014851/http:/hccda.ada.edu.au/Collated_Census_Tables/SA-1844-census.html
2025-08-01 12:54:50,131 - INFO - downloading file: https://web.archive.org/web/20250305014851/http:/hccda.ada.edu.au/Collated_Census_Tables/SA-1846-census.html
2025-08-01 12:54:50,954 - INFO - successfully downloaded: /Users/seanlyons/Downloads/census_data/census_data_download/web/20250305014851/http:/hccda.ada.edu.au/Collated_Census_Tables/SA-1846-census.html
2025-08-01 12:54:50,955 - INFO - downloading file: https://web.archive.org/web/20250305014851/http:/hccda.ada.edu.au/Collated_Census_Tables/SA-1851-census.html
2025-08-01 12:54:51,925 - INFO - successfully downloaded: /Users/seanlyons/Downloads/census_data/census_data_download/web/20250305014851/http:/hccda.ada.edu.au/Collated_Census_Tables/SA-1851-census.html
2025-08-01 12:54:51,926 - INFO - downloading file: https://web.archive.org/web/20250305014851/http:/hccda.ada.edu.au/Collated_Census_Tables/SA-1855-census.html
2025-08-01 12:54:53,458 - INFO - successfully downloaded: /Users/seanlyons/Downloads/census_data/census_data_download/web/20250305014851/http:/hccda.ada.edu.au/Collated_Census_Tables/SA-1855-census.html
2025-08-01 12:54:53,459 - INFO - downloading file: https://web.archive.org/web/20250305014851/http:/hccda.ada.edu.au/Collated_Census_Tables/SA-1860-census.html
2025-08-01 12:54:55,253 - INFO - successfully downloaded: /Users/seanlyons/Downloads/census_data/census_data_download/web/20250305014851/http:/hccda.ada.edu.au/Collated_Census_Tables/SA-1860-census.html
2025-08-01 12:54:55,255 - INFO - downloading file: https://web.archive.org/web/20250305014851/http:/hccda.ada.edu.au/Collated_Census_Tables/SA-1861-census.html
2025-08-01 12:54:58,940 - INFO - successfully downloaded: /Users/seanlyons/Downloads/census_data/census_data_download/web/20250305014851/http:/hccda.ada.edu.au/Collated_Census_Tables/SA-1861-census.html
2025-08-01 12:54:58,941 - INFO - downloading file: https://web.archive.org/web/20250305014851/http:/hccda.ada.edu.au/Collated_Census_Tables/SA-1866-census.html
2025-08-01 12:55:03,547 - INFO - successfully downloaded: /Users/seanlyons/Downloads/census_data/census_data_download/web/20250305014851/http:/hccda.ada.edu.au/Collated_Census_Tables/SA-1866-census.html
2025-08-01 12:55:03,548 - INFO - downloading file: https://web.archive.org/web/20250305014851/http:/hccda.ada.edu.au/Collated_Census_Tables/SA-1871-census.html
2025-08-01 12:55:08,778 - INFO - successfully downloaded: /Users/seanlyons/Downloads/census_data/census_data_download/web/20250305014851/http:/hccda.ada.edu.au/Collated_Census_Tables/SA-1871-census.html
2025-08-01 12:55:08,778 - INFO - downloading file: https://web.archive.org/web/20250305014851/http:/hccda.ada.edu.au/Collated_Census_Tables/SA-1876-census.html
2025-08-01 12:55:17,590 - INFO - successfully downloaded: /Users/seanlyons/Downloads/census_data/census_data_download/web/20250305014851/http:/hccda.ada.edu.au/Collated_Census_Tables/SA-1876-census.html
2025-08-01 12:55:17,592 - INFO - downloading file: https://web.archive.org/web/20250305014851/http:/hccda.ada.edu.au/Collated_Census_Tables/SA-1881-census.html
2025-08-01 12:55:28,107 - INFO - successfully downloaded: /Users/seanlyons/Downloads/census_data/census_data_download/web/20250305014851/http:/hccda.ada.edu.au/Collated_Census_Tables/SA-1881-census.html
2025-08-01 12:55:28,108 - INFO - downloading file: https://web.archive.org/web/20250305014851/http:/hccda.ada.edu.au/Collated_Census_Tables/SA-1891-census.html
2025-08-01 12:55:39,141 - INFO - successfully downloaded: /Users/seanlyons/Downloads/census_data/census_data_download/web/20250305014851/http:/hccda.ada.edu.au/Collated_Census_Tables/SA-1891-census.html
2025-08-01 12:55:39,142 - INFO - downloading file: https://web.archive.org/web/20250305014851/http:/hccda.ada.edu.au/Collated_Census_Tables/SA-1901-census.html
2025-08-01 12:55:49,613 - INFO - successfully downloaded: /Users/seanlyons/Downloads/census_data/census_data_download/web/20250305014851/http:/hccda.ada.edu.au/Collated_Census_Tables/SA-1901-census.html
2025-08-01 12:55:49,614 - INFO - downloading file: https://web.archive.org/web/20250305014851/http:/hccda.ada.edu.au/Collated_Census_Tables/TAS-1842-census.html
2025-08-01 12:55:50,651 - INFO - successfully downloaded: /Users/seanlyons/Downloads/census_data/census_data_download/web/20250305014851/http:/hccda.ada.edu.au/Collated_Census_Tables/TAS-1842-census.html
2025-08-01 12:55:50,651 - INFO - downloading file: https://web.archive.org/web/20250305014851/http:/hccda.ada.edu.au/Collated_Census_Tables/TAS-1848-census.html
2025-08-01 12:55:51,476 - INFO - successfully downloaded: /Users/seanlyons/Downloads/census_data/census_data_download/web/20250305014851/http:/hccda.ada.edu.au/Collated_Census_Tables/TAS-1848-census.html
2025-08-01 12:55:51,477 - INFO - downloading file: https://web.archive.org/web/20250305014851/http:/hccda.ada.edu.au/Collated_Census_Tables/TAS-1851-census.html
2025-08-01 12:55:52,449 - INFO - successfully downloaded: /Users/seanlyons/Downloads/census_data/census_data_download/web/20250305014851/http:/hccda.ada.edu.au/Collated_Census_Tables/TAS-1851-census.html
2025-08-01 12:55:52,451 - INFO - downloading file: https://web.archive.org/web/20250305014851/http:/hccda.ada.edu.au/Collated_Census_Tables/TAS-1857-census.html
2025-08-01 12:55:53,172 - INFO - successfully downloaded: /Users/seanlyons/Downloads/census_data/census_data_download/web/20250305014851/http:/hccda.ada.edu.au/Collated_Census_Tables/TAS-1857-census.html
2025-08-01 12:55:53,173 - INFO - downloading file: https://web.archive.org/web/20250305014851/http:/hccda.ada.edu.au/Collated_Census_Tables/TAS-1861-census.html
2025-08-01 12:55:53,854 - INFO - successfully downloaded: /Users/seanlyons/Downloads/census_data/census_data_download/web/20250305014851/http:/hccda.ada.edu.au/Collated_Census_Tables/TAS-1861-census.html
2025-08-01 12:55:53,855 - INFO - downloading file: https://web.archive.org/web/20250305014851/http:/hccda.ada.edu.au/Collated_Census_Tables/TAS-1870-census.html
2025-08-01 12:55:54,853 - INFO - successfully downloaded: /Users/seanlyons/Downloads/census_data/census_data_download/web/20250305014851/http:/hccda.ada.edu.au/Collated_Census_Tables/TAS-1870-census.html
2025-08-01 12:55:54,854 - INFO - downloading file: https://web.archive.org/web/20250305014851/http:/hccda.ada.edu.au/Collated_Census_Tables/TAS-1881-census.html
2025-08-01 12:55:58,848 - INFO - successfully downloaded: /Users/seanlyons/Downloads/census_data/census_data_download/web/20250305014851/http:/hccda.ada.edu.au/Collated_Census_Tables/TAS-1881-census.html
2025-08-01 12:55:58,849 - INFO - downloading file: https://web.archive.org/web/20250305014851/http:/hccda.ada.edu.au/Collated_Census_Tables/TAS-1891-census.html
2025-08-01 12:56:04,791 - INFO - successfully downloaded: /Users/seanlyons/Downloads/census_data/census_data_download/web/20250305014851/http:/hccda.ada.edu.au/Collated_Census_Tables/TAS-1891-census.html
2025-08-01 12:56:04,792 - INFO - downloading file: https://web.archive.org/web/20250305014851/http:/hccda.ada.edu.au/Collated_Census_Tables/TAS-1901-census.html
2025-08-01 12:56:16,490 - INFO - successfully downloaded: /Users/seanlyons/Downloads/census_data/census_data_download/web/20250305014851/http:/hccda.ada.edu.au/Collated_Census_Tables/TAS-1901-census.html
2025-08-01 12:56:16,492 - INFO - downloading file: https://web.archive.org/web/20250305014851/http:/hccda.ada.edu.au/Collated_Census_Tables/VIC-1854-census.html
2025-08-01 12:56:20,120 - INFO - successfully downloaded: /Users/seanlyons/Downloads/census_data/census_data_download/web/20250305014851/http:/hccda.ada.edu.au/Collated_Census_Tables/VIC-1854-census.html
2025-08-01 12:56:20,121 - INFO - downloading file: https://web.archive.org/web/20250305014851/http:/hccda.ada.edu.au/Collated_Census_Tables/VIC-1857-census.html
2025-08-01 12:56:28,509 - INFO - successfully downloaded: /Users/seanlyons/Downloads/census_data/census_data_download/web/20250305014851/http:/hccda.ada.edu.au/Collated_Census_Tables/VIC-1857-census.html
2025-08-01 12:56:28,510 - INFO - downloading file: https://web.archive.org/web/20250305014851/http:/hccda.ada.edu.au/Collated_Census_Tables/VIC-1861-census_01.html
2025-08-01 12:56:36,411 - INFO - successfully downloaded: /Users/seanlyons/Downloads/census_data/census_data_download/web/20250305014851/http:/hccda.ada.edu.au/Collated_Census_Tables/VIC-1861-census_01.html
2025-08-01 12:56:36,412 - INFO - downloading file: https://web.archive.org/web/20250305014851/http:/hccda.ada.edu.au/Collated_Census_Tables/VIC-1861-census_02.html
2025-08-01 12:56:43,098 - INFO - successfully downloaded: /Users/seanlyons/Downloads/census_data/census_data_download/web/20250305014851/http:/hccda.ada.edu.au/Collated_Census_Tables/VIC-1861-census_02.html
2025-08-01 12:56:43,099 - INFO - downloading file: https://web.archive.org/web/20250305014851/http:/hccda.ada.edu.au/Collated_Census_Tables/VIC-1871-census.html
2025-08-01 12:57:00,727 - INFO - successfully downloaded: /Users/seanlyons/Downloads/census_data/census_data_download/web/20250305014851/http:/hccda.ada.edu.au/Collated_Census_Tables/VIC-1871-census.html
2025-08-01 12:57:00,729 - INFO - downloading file: https://web.archive.org/web/20250305014851/http:/hccda.ada.edu.au/Collated_Census_Tables/VIC-1881-census_01.html
2025-08-01 12:57:15,783 - INFO - successfully downloaded: /Users/seanlyons/Downloads/census_data/census_data_download/web/20250305014851/http:/hccda.ada.edu.au/Collated_Census_Tables/VIC-1881-census_01.html
2025-08-01 12:57:15,784 - INFO - downloading file: https://web.archive.org/web/20250305014851/http:/hccda.ada.edu.au/Collated_Census_Tables/VIC-1881-census_02.html
2025-08-01 12:57:19,409 - INFO - successfully downloaded: /Users/seanlyons/Downloads/census_data/census_data_download/web/20250305014851/http:/hccda.ada.edu.au/Collated_Census_Tables/VIC-1881-census_02.html
2025-08-01 12:57:19,410 - INFO - downloading file: https://web.archive.org/web/20250305014851/http:/hccda.ada.edu.au/Collated_Census_Tables/VIC-1891-census_01.html
2025-08-01 12:57:33,410 - INFO - successfully downloaded: /Users/seanlyons/Downloads/census_data/census_data_download/web/20250305014851/http:/hccda.ada.edu.au/Collated_Census_Tables/VIC-1891-census_01.html
2025-08-01 12:57:33,412 - INFO - downloading file: https://web.archive.org/web/20250305014851/http:/hccda.ada.edu.au/Collated_Census_Tables/VIC-1891-census_02.html
2025-08-01 12:57:37,379 - INFO - successfully downloaded: /Users/seanlyons/Downloads/census_data/census_data_download/web/20250305014851/http:/hccda.ada.edu.au/Collated_Census_Tables/VIC-1891-census_02.html
2025-08-01 12:57:37,380 - INFO - downloading file: https://web.archive.org/web/20250305014851/http:/hccda.ada.edu.au/Collated_Census_Tables/VIC-1901-census.html
2025-08-01 12:57:48,796 - INFO - successfully downloaded: /Users/seanlyons/Downloads/census_data/census_data_download/web/20250305014851/http:/hccda.ada.edu.au/Collated_Census_Tables/VIC-1901-census.html
2025-08-01 12:57:48,797 - INFO - downloading file: https://web.archive.org/web/20250305014851/http:/hccda.ada.edu.au/Collated_Census_Tables/WA-1848-census.html
2025-08-01 12:57:50,099 - INFO - successfully downloaded: /Users/seanlyons/Downloads/census_data/census_data_download/web/20250305014851/http:/hccda.ada.edu.au/Collated_Census_Tables/WA-1848-census.html
2025-08-01 12:57:50,100 - INFO - downloading file: https://web.archive.org/web/20250305014851/http:/hccda.ada.edu.au/Collated_Census_Tables/WA-1854-census.html
2025-08-01 12:57:51,229 - INFO - successfully downloaded: /Users/seanlyons/Downloads/census_data/census_data_download/web/20250305014851/http:/hccda.ada.edu.au/Collated_Census_Tables/WA-1854-census.html
2025-08-01 12:57:51,230 - INFO - downloading file: https://web.archive.org/web/20250305014851/http:/hccda.ada.edu.au/Collated_Census_Tables/WA-1859-census.html
2025-08-01 12:57:52,324 - INFO - successfully downloaded: /Users/seanlyons/Downloads/census_data/census_data_download/web/20250305014851/http:/hccda.ada.edu.au/Collated_Census_Tables/WA-1859-census.html
2025-08-01 12:57:52,328 - INFO - downloading file: https://web.archive.org/web/20250305014851/http:/hccda.ada.edu.au/Collated_Census_Tables/WA-1861-census.html
2025-08-01 12:57:53,642 - INFO - successfully downloaded: /Users/seanlyons/Downloads/census_data/census_data_download/web/20250305014851/http:/hccda.ada.edu.au/Collated_Census_Tables/WA-1861-census.html
2025-08-01 12:57:53,642 - INFO - downloading file: https://web.archive.org/web/20250305014851/http:/hccda.ada.edu.au/Collated_Census_Tables/WA-1870-census.html
2025-08-01 12:57:55,536 - INFO - successfully downloaded: /Users/seanlyons/Downloads/census_data/census_data_download/web/20250305014851/http:/hccda.ada.edu.au/Collated_Census_Tables/WA-1870-census.html
2025-08-01 12:57:55,537 - INFO - downloading file: https://web.archive.org/web/20250305014851/http:/hccda.ada.edu.au/Collated_Census_Tables/WA-1881-census.html
2025-08-01 12:57:58,602 - INFO - successfully downloaded: /Users/seanlyons/Downloads/census_data/census_data_download/web/20250305014851/http:/hccda.ada.edu.au/Collated_Census_Tables/WA-1881-census.html
2025-08-01 12:57:58,603 - INFO - downloading file: https://web.archive.org/web/20250305014851/http:/hccda.ada.edu.au/Collated_Census_Tables/WA-1891-census.html
2025-08-01 12:58:02,035 - INFO - successfully downloaded: /Users/seanlyons/Downloads/census_data/census_data_download/web/20250305014851/http:/hccda.ada.edu.au/Collated_Census_Tables/WA-1891-census.html
2025-08-01 12:58:02,036 - INFO - downloading file: https://web.archive.org/web/20250305014851/http:/hccda.ada.edu.au/Collated_Census_Tables/WA-1901-census_02.html
2025-08-01 12:58:11,078 - INFO - successfully downloaded: /Users/seanlyons/Downloads/census_data/census_data_download/web/20250305014851/http:/hccda.ada.edu.au/Collated_Census_Tables/WA-1901-census_02.html
2025-08-01 12:58:11,079 - INFO - downloading file: https://web.archive.org/web/20250305014851/http:/hccda.ada.edu.au/Collated_Census_Tables/WA-1901-census_03.html
2025-08-01 12:58:12,140 - INFO - successfully downloaded: /Users/seanlyons/Downloads/census_data/census_data_download/web/20250305014851/http:/hccda.ada.edu.au/Collated_Census_Tables/WA-1901-census_03.html
2025-08-01 12:58:12,141 - INFO - entering subdirectory: https://web.archive.org/web/20250305014858/https://hccda.ada.edu.au/
2025-08-01 12:58:12,141 - INFO - crawling (depth 2): https://web.archive.org/web/20250305014858/https://hccda.ada.edu.au/
2025-08-01 12:58:12,868 - INFO - processing directory: /Users/seanlyons/Downloads/census_data/census_data_download/web/20250305014858/https:/hccda.ada.edu.au
2025-08-01 12:58:12,868 - INFO - found 0 files and 4 directories in /web/20250305014858/https://hccda.ada.edu.au/
2025-08-01 12:58:12,869 - INFO - entering subdirectory: https://web.archive.org/web/20250305014858/https:/hccda.ada.edu.au/Collated_Census_Tables/
2025-08-01 12:58:12,869 - INFO - crawling (depth 3): https://web.archive.org/web/20250305014858/https:/hccda.ada.edu.au/Collated_Census_Tables/
2025-08-01 12:58:13,208 - INFO - processing directory: /Users/seanlyons/Downloads/census_data/census_data_download/web/20250305014858/https:/hccda.ada.edu.au/Collated_Census_Tables
2025-08-01 12:58:13,208 - INFO - found 130 files and 2 directories in /web/20250305014858/https:/hccda.ada.edu.au/Collated_Census_Tables/
2025-08-01 12:58:13,209 - INFO - downloading file: https://web.archive.org/web/20250305014858/https:/hccda.ada.edu.au/Collated_Census_Tables/NSW-1833-census.html
2025-08-01 12:58:14,186 - INFO - successfully downloaded: /Users/seanlyons/Downloads/census_data/census_data_download/web/20250305014858/https:/hccda.ada.edu.au/Collated_Census_Tables/NSW-1833-census.html
2025-08-01 12:58:14,186 - INFO - downloading file: https://web.archive.org/web/20250305014858/https:/hccda.ada.edu.au/Collated_Census_Tables/NSW-1836-census.html
2025-08-01 12:58:15,242 - INFO - successfully downloaded: /Users/seanlyons/Downloads/census_data/census_data_download/web/20250305014858/https:/hccda.ada.edu.au/Collated_Census_Tables/NSW-1836-census.html
2025-08-01 12:58:15,243 - INFO - downloading file: https://web.archive.org/web/20250305014858/https:/hccda.ada.edu.au/Collated_Census_Tables/NSW-1841-census.html
2025-08-01 12:58:16,423 - INFO - successfully downloaded: /Users/seanlyons/Downloads/census_data/census_data_download/web/20250305014858/https:/hccda.ada.edu.au/Collated_Census_Tables/NSW-1841-census.html
2025-08-01 12:58:16,423 - INFO - downloading file: https://web.archive.org/web/20250305014858/https:/hccda.ada.edu.au/Collated_Census_Tables/NSW-1846-census.html
2025-08-01 12:58:18,171 - INFO - successfully downloaded: /Users/seanlyons/Downloads/census_data/census_data_download/web/20250305014858/https:/hccda.ada.edu.au/Collated_Census_Tables/NSW-1846-census.html
2025-08-01 12:58:18,172 - INFO - downloading file: https://web.archive.org/web/20250305014858/https:/hccda.ada.edu.au/Collated_Census_Tables/NSW-1851-census.html
2025-08-01 12:58:20,065 - INFO - successfully downloaded: /Users/seanlyons/Downloads/census_data/census_data_download/web/20250305014858/https:/hccda.ada.edu.au/Collated_Census_Tables/NSW-1851-census.html
2025-08-01 12:58:20,067 - INFO - downloading file: https://web.archive.org/web/20250305014858/https:/hccda.ada.edu.au/Collated_Census_Tables/NSW-1856-census.html
2025-08-01 12:58:23,052 - INFO - successfully downloaded: /Users/seanlyons/Downloads/census_data/census_data_download/web/20250305014858/https:/hccda.ada.edu.au/Collated_Census_Tables/NSW-1856-census.html
2025-08-01 12:58:23,052 - INFO - downloading file: https://web.archive.org/web/20250305014858/https:/hccda.ada.edu.au/Collated_Census_Tables/NSW-1861-census.html
2025-08-01 12:58:35,501 - INFO - successfully downloaded: /Users/seanlyons/Downloads/census_data/census_data_download/web/20250305014858/https:/hccda.ada.edu.au/Collated_Census_Tables/NSW-1861-census.html
2025-08-01 12:58:35,502 - INFO - downloading file: https://web.archive.org/web/20250305014858/https:/hccda.ada.edu.au/Collated_Census_Tables/NSW-1871-census.html
2025-08-01 12:59:02,110 - INFO - successfully downloaded: /Users/seanlyons/Downloads/census_data/census_data_download/web/20250305014858/https:/hccda.ada.edu.au/Collated_Census_Tables/NSW-1871-census.html
2025-08-01 12:59:02,110 - INFO - downloading file: https://web.archive.org/web/20250305014858/https:/hccda.ada.edu.au/Collated_Census_Tables/NSW-1881-census.html
2025-08-01 12:59:04,399 - INFO - successfully downloaded: /Users/seanlyons/Downloads/census_data/census_data_download/web/20250305014858/https:/hccda.ada.edu.au/Collated_Census_Tables/NSW-1881-census.html
2025-08-01 12:59:04,400 - INFO - downloading file: https://web.archive.org/web/20250305014858/https:/hccda.ada.edu.au/Collated_Census_Tables/NSW-1891-census.html
2025-08-01 12:59:19,333 - INFO - successfully downloaded: /Users/seanlyons/Downloads/census_data/census_data_download/web/20250305014858/https:/hccda.ada.edu.au/Collated_Census_Tables/NSW-1891-census.html
2025-08-01 12:59:19,335 - INFO - downloading file: https://web.archive.org/web/20250305014858/https:/hccda.ada.edu.au/Collated_Census_Tables/NSW-1901-census.html
2025-08-01 12:59:33,525 - INFO - successfully downloaded: /Users/seanlyons/Downloads/census_data/census_data_download/web/20250305014858/https:/hccda.ada.edu.au/Collated_Census_Tables/NSW-1901-census.html
2025-08-01 12:59:33,526 - INFO - downloading file: https://web.archive.org/web/20250305014858/https:/hccda.ada.edu.au/Collated_Census_Tables/QLD-1861-census.html
2025-08-01 12:59:34,862 - INFO - successfully downloaded: /Users/seanlyons/Downloads/census_data/census_data_download/web/20250305014858/https:/hccda.ada.edu.au/Collated_Census_Tables/QLD-1861-census.html
2025-08-01 12:59:34,863 - INFO - downloading file: https://web.archive.org/web/20250305014858/https:/hccda.ada.edu.au/Collated_Census_Tables/QLD-1864-census.html
2025-08-01 12:59:37,688 - INFO - successfully downloaded: /Users/seanlyons/Downloads/census_data/census_data_download/web/20250305014858/https:/hccda.ada.edu.au/Collated_Census_Tables/QLD-1864-census.html
2025-08-01 12:59:37,689 - INFO - downloading file: https://web.archive.org/web/20250305014858/https:/hccda.ada.edu.au/Collated_Census_Tables/QLD-1868-census.html
2025-08-01 12:59:40,497 - INFO - successfully downloaded: /Users/seanlyons/Downloads/census_data/census_data_download/web/20250305014858/https:/hccda.ada.edu.au/Collated_Census_Tables/QLD-1868-census.html
2025-08-01 12:59:40,501 - INFO - downloading file: https://web.archive.org/web/20250305014858/https:/hccda.ada.edu.au/Collated_Census_Tables/QLD-1871-census_01.html
2025-08-01 12:59:44,384 - INFO - successfully downloaded: /Users/seanlyons/Downloads/census_data/census_data_download/web/20250305014858/https:/hccda.ada.edu.au/Collated_Census_Tables/QLD-1871-census_01.html
2025-08-01 12:59:44,385 - INFO - downloading file: https://web.archive.org/web/20250305014858/https:/hccda.ada.edu.au/Collated_Census_Tables/QLD-1871-census_02.html
2025-08-01 12:59:44,961 - INFO - successfully downloaded: /Users/seanlyons/Downloads/census_data/census_data_download/web/20250305014858/https:/hccda.ada.edu.au/Collated_Census_Tables/QLD-1871-census_02.html
2025-08-01 12:59:44,962 - INFO - downloading file: https://web.archive.org/web/20250305014858/https:/hccda.ada.edu.au/Collated_Census_Tables/QLD-1876-census_01.html
2025-08-01 12:59:45,748 - INFO - successfully downloaded: /Users/seanlyons/Downloads/census_data/census_data_download/web/20250305014858/https:/hccda.ada.edu.au/Collated_Census_Tables/QLD-1876-census_01.html
2025-08-01 12:59:45,748 - INFO - downloading file: https://web.archive.org/web/20250305014858/https:/hccda.ada.edu.au/Collated_Census_Tables/QLD-1876-census_02.html
2025-08-01 12:59:48,501 - INFO - successfully downloaded: /Users/seanlyons/Downloads/census_data/census_data_download/web/20250305014858/https:/hccda.ada.edu.au/Collated_Census_Tables/QLD-1876-census_02.html
2025-08-01 12:59:48,502 - INFO - downloading file: https://web.archive.org/web/20250305014858/https:/hccda.ada.edu.au/Collated_Census_Tables/QLD-1876-census_03.html
2025-08-01 12:59:49,107 - INFO - successfully downloaded: /Users/seanlyons/Downloads/census_data/census_data_download/web/20250305014858/https:/hccda.ada.edu.au/Collated_Census_Tables/QLD-1876-census_03.html
2025-08-01 12:59:49,108 - INFO - downloading file: https://web.archive.org/web/20250305014858/https:/hccda.ada.edu.au/Collated_Census_Tables/QLD-1881-census_01.html
2025-08-01 12:59:55,383 - INFO - successfully downloaded: /Users/seanlyons/Downloads/census_data/census_data_download/web/20250305014858/https:/hccda.ada.edu.au/Collated_Census_Tables/QLD-1881-census_01.html
2025-08-01 12:59:55,384 - INFO - downloading file: https://web.archive.org/web/20250305014858/https:/hccda.ada.edu.au/Collated_Census_Tables/QLD-1881-census_02.html
2025-08-01 12:59:55,947 - INFO - successfully downloaded: /Users/seanlyons/Downloads/census_data/census_data_download/web/20250305014858/https:/hccda.ada.edu.au/Collated_Census_Tables/QLD-1881-census_02.html
2025-08-01 12:59:55,948 - INFO - downloading file: https://web.archive.org/web/20250305014858/https:/hccda.ada.edu.au/Collated_Census_Tables/QLD-1886-census_01.html
2025-08-01 13:00:09,590 - INFO - successfully downloaded: /Users/seanlyons/Downloads/census_data/census_data_download/web/20250305014858/https:/hccda.ada.edu.au/Collated_Census_Tables/QLD-1886-census_01.html
2025-08-01 13:00:09,591 - INFO - downloading file: https://web.archive.org/web/20250305014858/https:/hccda.ada.edu.au/Collated_Census_Tables/QLD-1886-census_02.html
2025-08-01 13:00:10,202 - INFO - successfully downloaded: /Users/seanlyons/Downloads/census_data/census_data_download/web/20250305014858/https:/hccda.ada.edu.au/Collated_Census_Tables/QLD-1886-census_02.html
2025-08-01 13:00:10,203 - INFO - downloading file: https://web.archive.org/web/20250305014858/https:/hccda.ada.edu.au/Collated_Census_Tables/QLD-1891-census.html
2025-08-01 13:00:25,147 - INFO - successfully downloaded: /Users/seanlyons/Downloads/census_data/census_data_download/web/20250305014858/https:/hccda.ada.edu.au/Collated_Census_Tables/QLD-1891-census.html
2025-08-01 13:00:25,147 - INFO - downloading file: https://web.archive.org/web/20250305014858/https:/hccda.ada.edu.au/Collated_Census_Tables/QLD-1901-census.html
2025-08-01 13:00:37,589 - INFO - successfully downloaded: /Users/seanlyons/Downloads/census_data/census_data_download/web/20250305014858/https:/hccda.ada.edu.au/Collated_Census_Tables/QLD-1901-census.html
2025-08-01 13:00:37,590 - INFO - downloading file: https://web.archive.org/web/20250305014858/https:/hccda.ada.edu.au/Collated_Census_Tables/SA-1844-census.html
2025-08-01 13:00:38,403 - INFO - successfully downloaded: /Users/seanlyons/Downloads/census_data/census_data_download/web/20250305014858/https:/hccda.ada.edu.au/Collated_Census_Tables/SA-1844-census.html
2025-08-01 13:00:38,405 - INFO - downloading file: https://web.archive.org/web/20250305014858/https:/hccda.ada.edu.au/Collated_Census_Tables/SA-1846-census.html
2025-08-01 13:00:39,323 - INFO - successfully downloaded: /Users/seanlyons/Downloads/census_data/census_data_download/web/20250305014858/https:/hccda.ada.edu.au/Collated_Census_Tables/SA-1846-census.html
2025-08-01 13:00:39,324 - INFO - downloading file: https://web.archive.org/web/20250305014858/https:/hccda.ada.edu.au/Collated_Census_Tables/SA-1851-census.html
2025-08-01 13:00:40,165 - INFO - successfully downloaded: /Users/seanlyons/Downloads/census_data/census_data_download/web/20250305014858/https:/hccda.ada.edu.au/Collated_Census_Tables/SA-1851-census.html
2025-08-01 13:00:40,166 - INFO - downloading file: https://web.archive.org/web/20250305014858/https:/hccda.ada.edu.au/Collated_Census_Tables/SA-1855-census.html
2025-08-01 13:00:41,176 - INFO - successfully downloaded: /Users/seanlyons/Downloads/census_data/census_data_download/web/20250305014858/https:/hccda.ada.edu.au/Collated_Census_Tables/SA-1855-census.html
2025-08-01 13:00:41,177 - INFO - downloading file: https://web.archive.org/web/20250305014858/https:/hccda.ada.edu.au/Collated_Census_Tables/SA-1860-census.html
2025-08-01 13:00:42,660 - INFO - successfully downloaded: /Users/seanlyons/Downloads/census_data/census_data_download/web/20250305014858/https:/hccda.ada.edu.au/Collated_Census_Tables/SA-1860-census.html
2025-08-01 13:00:42,660 - INFO - downloading file: https://web.archive.org/web/20250305014858/https:/hccda.ada.edu.au/Collated_Census_Tables/SA-1861-census.html
2025-08-01 13:00:46,369 - INFO - successfully downloaded: /Users/seanlyons/Downloads/census_data/census_data_download/web/20250305014858/https:/hccda.ada.edu.au/Collated_Census_Tables/SA-1861-census.html
2025-08-01 13:00:46,370 - INFO - downloading file: https://web.archive.org/web/20250305014858/https:/hccda.ada.edu.au/Collated_Census_Tables/SA-1866-census.html
2025-08-01 13:00:50,170 - INFO - successfully downloaded: /Users/seanlyons/Downloads/census_data/census_data_download/web/20250305014858/https:/hccda.ada.edu.au/Collated_Census_Tables/SA-1866-census.html
2025-08-01 13:00:50,171 - INFO - downloading file: https://web.archive.org/web/20250305014858/https:/hccda.ada.edu.au/Collated_Census_Tables/SA-1871-census.html
2025-08-01 13:00:55,164 - INFO - successfully downloaded: /Users/seanlyons/Downloads/census_data/census_data_download/web/20250305014858/https:/hccda.ada.edu.au/Collated_Census_Tables/SA-1871-census.html
2025-08-01 13:00:55,165 - INFO - downloading file: https://web.archive.org/web/20250305014858/https:/hccda.ada.edu.au/Collated_Census_Tables/SA-1876-census.html
2025-08-01 13:01:02,269 - INFO - successfully downloaded: /Users/seanlyons/Downloads/census_data/census_data_download/web/20250305014858/https:/hccda.ada.edu.au/Collated_Census_Tables/SA-1876-census.html
2025-08-01 13:01:02,270 - INFO - downloading file: https://web.archive.org/web/20250305014858/https:/hccda.ada.edu.au/Collated_Census_Tables/SA-1881-census.html
2025-08-01 13:01:13,407 - INFO - successfully downloaded: /Users/seanlyons/Downloads/census_data/census_data_download/web/20250305014858/https:/hccda.ada.edu.au/Collated_Census_Tables/SA-1881-census.html
2025-08-01 13:01:13,408 - INFO - downloading file: https://web.archive.org/web/20250305014858/https:/hccda.ada.edu.au/Collated_Census_Tables/SA-1891-census.html
2025-08-01 13:01:23,716 - INFO - successfully downloaded: /Users/seanlyons/Downloads/census_data/census_data_download/web/20250305014858/https:/hccda.ada.edu.au/Collated_Census_Tables/SA-1891-census.html
2025-08-01 13:01:23,717 - INFO - downloading file: https://web.archive.org/web/20250305014858/https:/hccda.ada.edu.au/Collated_Census_Tables/SA-1901-census.html
2025-08-01 13:01:26,793 - INFO - starting mirror to /Users/seanlyons/Downloads/census_data/census_data_download
2025-08-01 13:01:26,794 - INFO - crawling (depth 0): https://web.archive.org/web/20250305014851/http://hccda.ada.edu.au/
2025-08-01 13:01:27,858 - INFO - processing directory: /Users/seanlyons/Downloads/census_data/census_data_download
2025-08-01 13:01:27,859 - INFO - found 0 files and 4 directories in /
2025-08-01 13:01:27,879 - INFO - entering subdirectory: https://web.archive.org/web/20250305014851/http:/hccda.ada.edu.au/Collated_Census_Tables/
2025-08-01 13:01:27,879 - INFO - crawling (depth 1): https://web.archive.org/web/20250305014851/http:/hccda.ada.edu.au/Collated_Census_Tables/
2025-08-01 13:01:29,003 - INFO - processing directory: /Users/seanlyons/Downloads/census_data/census_data_download/web/20250305014851/http:/hccda.ada.edu.au/Collated_Census_Tables
2025-08-01 13:01:29,003 - INFO - found 130 files and 2 directories in /web/20250305014851/http:/hccda.ada.edu.au/Collated_Census_Tables/
2025-08-01 13:01:29,009 - INFO - entering subdirectory: https://web.archive.org/web/20250305014858/https://hccda.ada.edu.au/
2025-08-01 13:01:29,009 - INFO - crawling (depth 2): https://web.archive.org/web/20250305014858/https://hccda.ada.edu.au/
2025-08-01 13:01:29,346 - INFO - processing directory: /Users/seanlyons/Downloads/census_data/census_data_download/web/20250305014858/https:/hccda.ada.edu.au
2025-08-01 13:01:29,346 - INFO - found 0 files and 4 directories in /web/20250305014858/https://hccda.ada.edu.au/
2025-08-01 13:01:29,347 - INFO - entering subdirectory: https://web.archive.org/web/20250305014858/https:/hccda.ada.edu.au/Collated_Census_Tables/
2025-08-01 13:01:29,347 - INFO - crawling (depth 3): https://web.archive.org/web/20250305014858/https:/hccda.ada.edu.au/Collated_Census_Tables/
2025-08-01 13:01:29,525 - INFO - processing directory: /Users/seanlyons/Downloads/census_data/census_data_download/web/20250305014858/https:/hccda.ada.edu.au/Collated_Census_Tables
2025-08-01 13:01:29,525 - INFO - found 130 files and 2 directories in /web/20250305014858/https:/hccda.ada.edu.au/Collated_Census_Tables/
2025-08-01 13:01:29,528 - INFO - downloading file: https://web.archive.org/web/20250305014858/https:/hccda.ada.edu.au/Collated_Census_Tables/SA-1901-census.html
2025-08-01 13:01:35,127 - INFO - successfully downloaded: /Users/seanlyons/Downloads/census_data/census_data_download/web/20250305014858/https:/hccda.ada.edu.au/Collated_Census_Tables/SA-1901-census.html
2025-08-01 13:01:35,128 - INFO - downloading file: https://web.archive.org/web/20250305014858/https:/hccda.ada.edu.au/Collated_Census_Tables/TAS-1842-census.html
2025-08-01 13:01:35,803 - INFO - successfully downloaded: /Users/seanlyons/Downloads/census_data/census_data_download/web/20250305014858/https:/hccda.ada.edu.au/Collated_Census_Tables/TAS-1842-census.html
2025-08-01 13:01:35,805 - INFO - downloading file: https://web.archive.org/web/20250305014858/https:/hccda.ada.edu.au/Collated_Census_Tables/TAS-1848-census.html
2025-08-01 13:01:36,496 - INFO - successfully downloaded: /Users/seanlyons/Downloads/census_data/census_data_download/web/20250305014858/https:/hccda.ada.edu.au/Collated_Census_Tables/TAS-1848-census.html
2025-08-01 13:01:36,497 - INFO - downloading file: https://web.archive.org/web/20250305014858/https:/hccda.ada.edu.au/Collated_Census_Tables/TAS-1851-census.html
2025-08-01 13:01:37,277 - INFO - successfully downloaded: /Users/seanlyons/Downloads/census_data/census_data_download/web/20250305014858/https:/hccda.ada.edu.au/Collated_Census_Tables/TAS-1851-census.html
2025-08-01 13:01:37,277 - INFO - downloading file: https://web.archive.org/web/20250305014858/https:/hccda.ada.edu.au/Collated_Census_Tables/TAS-1857-census.html
2025-08-01 13:01:37,997 - INFO - successfully downloaded: /Users/seanlyons/Downloads/census_data/census_data_download/web/20250305014858/https:/hccda.ada.edu.au/Collated_Census_Tables/TAS-1857-census.html
2025-08-01 13:01:37,997 - INFO - downloading file: https://web.archive.org/web/20250305014858/https:/hccda.ada.edu.au/Collated_Census_Tables/TAS-1861-census.html
2025-08-01 13:01:38,815 - INFO - successfully downloaded: /Users/seanlyons/Downloads/census_data/census_data_download/web/20250305014858/https:/hccda.ada.edu.au/Collated_Census_Tables/TAS-1861-census.html
2025-08-01 13:01:38,816 - INFO - downloading file: https://web.archive.org/web/20250305014858/https:/hccda.ada.edu.au/Collated_Census_Tables/TAS-1870-census.html
2025-08-01 13:01:39,520 - INFO - successfully downloaded: /Users/seanlyons/Downloads/census_data/census_data_download/web/20250305014858/https:/hccda.ada.edu.au/Collated_Census_Tables/TAS-1870-census.html
2025-08-01 13:01:39,521 - INFO - downloading file: https://web.archive.org/web/20250305014858/https:/hccda.ada.edu.au/Collated_Census_Tables/TAS-1881-census.html
2025-08-01 13:01:40,611 - INFO - successfully downloaded: /Users/seanlyons/Downloads/census_data/census_data_download/web/20250305014858/https:/hccda.ada.edu.au/Collated_Census_Tables/SA-1901-census.html
2025-08-01 13:01:40,611 - INFO - downloading file: https://web.archive.org/web/20250305014858/https:/hccda.ada.edu.au/Collated_Census_Tables/TAS-1881-census.html
2025-08-01 13:01:43,155 - INFO - successfully downloaded: /Users/seanlyons/Downloads/census_data/census_data_download/web/20250305014858/https:/hccda.ada.edu.au/Collated_Census_Tables/TAS-1881-census.html
2025-08-01 13:01:43,156 - INFO - downloading file: https://web.archive.org/web/20250305014858/https:/hccda.ada.edu.au/Collated_Census_Tables/TAS-1891-census.html
2025-08-01 13:01:43,885 - INFO - successfully downloaded: /Users/seanlyons/Downloads/census_data/census_data_download/web/20250305014858/https:/hccda.ada.edu.au/Collated_Census_Tables/TAS-1881-census.html
2025-08-01 13:01:43,885 - INFO - downloading file: https://web.archive.org/web/20250305014858/https:/hccda.ada.edu.au/Collated_Census_Tables/TAS-1891-census.html
2025-08-01 13:01:49,198 - INFO - successfully downloaded: /Users/seanlyons/Downloads/census_data/census_data_download/web/20250305014858/https:/hccda.ada.edu.au/Collated_Census_Tables/TAS-1891-census.html
2025-08-01 13:01:49,200 - INFO - downloading file: https://web.archive.org/web/20250305014858/https:/hccda.ada.edu.au/Collated_Census_Tables/TAS-1901-census.html
2025-08-01 13:01:49,639 - INFO - successfully downloaded: /Users/seanlyons/Downloads/census_data/census_data_download/web/20250305014858/https:/hccda.ada.edu.au/Collated_Census_Tables/TAS-1891-census.html
2025-08-01 13:01:49,640 - INFO - downloading file: https://web.archive.org/web/20250305014858/https:/hccda.ada.edu.au/Collated_Census_Tables/TAS-1901-census.html
2025-08-01 13:01:57,771 - INFO - successfully downloaded: /Users/seanlyons/Downloads/census_data/census_data_download/web/20250305014858/https:/hccda.ada.edu.au/Collated_Census_Tables/TAS-1901-census.html
2025-08-01 13:01:57,771 - INFO - downloading file: https://web.archive.org/web/20250305014858/https:/hccda.ada.edu.au/Collated_Census_Tables/VIC-1854-census.html
2025-08-01 13:01:57,909 - INFO - successfully downloaded: /Users/seanlyons/Downloads/census_data/census_data_download/web/20250305014858/https:/hccda.ada.edu.au/Collated_Census_Tables/TAS-1901-census.html
2025-08-01 13:01:57,910 - INFO - downloading file: https://web.archive.org/web/20250305014858/https:/hccda.ada.edu.au/Collated_Census_Tables/VIC-1854-census.html
2025-08-01 13:02:01,097 - INFO - successfully downloaded: /Users/seanlyons/Downloads/census_data/census_data_download/web/20250305014858/https:/hccda.ada.edu.au/Collated_Census_Tables/VIC-1854-census.html
2025-08-01 13:02:01,097 - INFO - downloading file: https://web.archive.org/web/20250305014858/https:/hccda.ada.edu.au/Collated_Census_Tables/VIC-1857-census.html
2025-08-01 13:02:01,438 - INFO - successfully downloaded: /Users/seanlyons/Downloads/census_data/census_data_download/web/20250305014858/https:/hccda.ada.edu.au/Collated_Census_Tables/VIC-1854-census.html
2025-08-01 13:02:01,438 - INFO - downloading file: https://web.archive.org/web/20250305014858/https:/hccda.ada.edu.au/Collated_Census_Tables/VIC-1857-census.html
2025-08-01 13:02:07,173 - INFO - successfully downloaded: /Users/seanlyons/Downloads/census_data/census_data_download/web/20250305014858/https:/hccda.ada.edu.au/Collated_Census_Tables/VIC-1857-census.html
2025-08-01 13:02:07,174 - INFO - downloading file: https://web.archive.org/web/20250305014858/https:/hccda.ada.edu.au/Collated_Census_Tables/VIC-1861-census_01.html
2025-08-01 13:02:07,846 - INFO - successfully downloaded: /Users/seanlyons/Downloads/census_data/census_data_download/web/20250305014858/https:/hccda.ada.edu.au/Collated_Census_Tables/VIC-1857-census.html
2025-08-01 13:02:07,847 - INFO - downloading file: https://web.archive.org/web/20250305014858/https:/hccda.ada.edu.au/Collated_Census_Tables/VIC-1861-census_01.html
2025-08-01 13:02:14,592 - INFO - successfully downloaded: /Users/seanlyons/Downloads/census_data/census_data_download/web/20250305014858/https:/hccda.ada.edu.au/Collated_Census_Tables/VIC-1861-census_01.html
2025-08-01 13:02:14,593 - INFO - downloading file: https://web.archive.org/web/20250305014858/https:/hccda.ada.edu.au/Collated_Census_Tables/VIC-1861-census_02.html
2025-08-01 13:02:16,071 - INFO - successfully downloaded: /Users/seanlyons/Downloads/census_data/census_data_download/web/20250305014858/https:/hccda.ada.edu.au/Collated_Census_Tables/VIC-1861-census_01.html
2025-08-01 13:02:16,072 - INFO - downloading file: https://web.archive.org/web/20250305014858/https:/hccda.ada.edu.au/Collated_Census_Tables/VIC-1861-census_02.html
2025-08-01 13:02:21,289 - INFO - successfully downloaded: /Users/seanlyons/Downloads/census_data/census_data_download/web/20250305014858/https:/hccda.ada.edu.au/Collated_Census_Tables/VIC-1861-census_02.html
2025-08-01 13:02:21,290 - INFO - downloading file: https://web.archive.org/web/20250305014858/https:/hccda.ada.edu.au/Collated_Census_Tables/VIC-1871-census.html
2025-08-01 13:02:22,022 - INFO - successfully downloaded: /Users/seanlyons/Downloads/census_data/census_data_download/web/20250305014858/https:/hccda.ada.edu.au/Collated_Census_Tables/VIC-1861-census_02.html
2025-08-01 13:02:22,022 - INFO - downloading file: https://web.archive.org/web/20250305014858/https:/hccda.ada.edu.au/Collated_Census_Tables/VIC-1871-census.html
